0 info it worked if it ends with ok
1 verbose cli [ '/usr/local/bin/node',
1 verbose cli   '/usr/local/bin/npm',
1 verbose cli   'install',
1 verbose cli   'mongoose',
1 verbose cli   '--save' ]
2 info using npm@1.4.28
3 info using node@v0.10.33
4 verbose readDependencies using package.json deps
5 verbose cache add [ 'mongoose', null ]
6 verbose cache add name=undefined spec="mongoose" args=["mongoose",null]
7 verbose parsed url { protocol: null,
7 verbose parsed url   slashes: null,
7 verbose parsed url   auth: null,
7 verbose parsed url   host: null,
7 verbose parsed url   port: null,
7 verbose parsed url   hostname: null,
7 verbose parsed url   hash: null,
7 verbose parsed url   search: null,
7 verbose parsed url   query: null,
7 verbose parsed url   pathname: 'mongoose',
7 verbose parsed url   path: 'mongoose',
7 verbose parsed url   href: 'mongoose' }
8 silly lockFile f25dbdd3-mongoose mongoose
9 verbose lock mongoose /home/bat/.npm/f25dbdd3-mongoose.lock
10 silly lockFile f25dbdd3-mongoose mongoose
11 silly lockFile f25dbdd3-mongoose mongoose
12 verbose addNamed [ 'mongoose', '' ]
13 verbose addNamed [ null, '*' ]
14 silly lockFile 3bb0fc31-mongoose mongoose@
15 verbose lock mongoose@ /home/bat/.npm/3bb0fc31-mongoose.lock
16 silly addNameRange { name: 'mongoose', range: '*', hasData: false }
17 verbose request where is /mongoose
18 verbose request registry https://registry.npmjs.org/
19 verbose request id 9b07edb2a7d84cbf
20 verbose url raw /mongoose
21 verbose url resolving [ 'https://registry.npmjs.org/', './mongoose' ]
22 verbose url resolved https://registry.npmjs.org/mongoose
23 verbose request where is https://registry.npmjs.org/mongoose
24 info trying registry request attempt 1 at 20:58:51
25 verbose etag "CPR0NZL27VTFL7AI3S830Q69U"
26 http GET https://registry.npmjs.org/mongoose
27 http 200 https://registry.npmjs.org/mongoose
28 silly registry.get cb [ 200,
28 silly registry.get   { date: 'Thu, 25 Dec 2014 18:58:51 GMT',
28 silly registry.get     server: 'CouchDB/1.5.0 (Erlang OTP/R16B03)',
28 silly registry.get     etag: '"6PVT3JYQ2OUNSKITJ4E4Y7YGL"',
28 silly registry.get     'content-type': 'application/json',
28 silly registry.get     'cache-control': 'max-age=60',
28 silly registry.get     'content-length': '286566',
28 silly registry.get     'accept-ranges': 'bytes',
28 silly registry.get     via: '1.1 varnish',
28 silly registry.get     age: '0',
28 silly registry.get     'x-served-by': 'cache-fra1235-FRA',
28 silly registry.get     'x-cache': 'HIT',
28 silly registry.get     'x-cache-hits': '1',
28 silly registry.get     'x-timer': 'S1419533930.795617,VS0,VE534',
28 silly registry.get     vary: 'Accept',
28 silly registry.get     'keep-alive': 'timeout=10, max=50',
28 silly registry.get     connection: 'Keep-Alive' } ]
29 silly addNameRange number 2 { name: 'mongoose', range: '*', hasData: true }
30 silly addNameRange versions [ 'mongoose',
30 silly addNameRange   [ '0.0.1',
30 silly addNameRange     '0.0.2',
30 silly addNameRange     '0.0.3',
30 silly addNameRange     '0.0.4',
30 silly addNameRange     '0.0.5',
30 silly addNameRange     '1.0.0',
30 silly addNameRange     '1.0.1',
30 silly addNameRange     '1.0.2',
30 silly addNameRange     '0.0.6',
30 silly addNameRange     '1.0.3',
30 silly addNameRange     '1.0.4',
30 silly addNameRange     '1.0.5',
30 silly addNameRange     '1.0.6',
30 silly addNameRange     '1.0.7',
30 silly addNameRange     '1.0.8',
30 silly addNameRange     '1.0.10',
30 silly addNameRange     '1.0.11',
30 silly addNameRange     '1.0.12',
30 silly addNameRange     '1.0.13',
30 silly addNameRange     '1.0.14',
30 silly addNameRange     '1.0.15',
30 silly addNameRange     '1.0.16',
30 silly addNameRange     '1.1.0',
30 silly addNameRange     '1.1.1',
30 silly addNameRange     '1.1.2',
30 silly addNameRange     '1.1.3',
30 silly addNameRange     '1.1.4',
30 silly addNameRange     '1.1.5',
30 silly addNameRange     '1.1.6',
30 silly addNameRange     '1.1.7',
30 silly addNameRange     '1.1.8',
30 silly addNameRange     '1.1.9',
30 silly addNameRange     '1.1.10',
30 silly addNameRange     '1.1.11',
30 silly addNameRange     '1.1.12',
30 silly addNameRange     '1.1.13',
30 silly addNameRange     '1.1.14',
30 silly addNameRange     '1.1.15',
30 silly addNameRange     '1.1.16',
30 silly addNameRange     '1.1.17',
30 silly addNameRange     '1.1.18',
30 silly addNameRange     '1.1.19',
30 silly addNameRange     '1.1.20',
30 silly addNameRange     '1.1.21',
30 silly addNameRange     '1.1.22',
30 silly addNameRange     '1.1.23',
30 silly addNameRange     '1.1.24',
30 silly addNameRange     '1.1.25',
30 silly addNameRange     '1.2.0',
30 silly addNameRange     '1.3.0',
30 silly addNameRange     '1.3.1',
30 silly addNameRange     '1.3.2',
30 silly addNameRange     '1.3.3',
30 silly addNameRange     '1.3.4',
30 silly addNameRange     '1.3.5',
30 silly addNameRange     '1.3.6',
30 silly addNameRange     '1.3.7',
30 silly addNameRange     '1.4.0',
30 silly addNameRange     '1.5.0',
30 silly addNameRange     '1.6.0',
30 silly addNameRange     '1.7.2',
30 silly addNameRange     '1.7.3',
30 silly addNameRange     '1.7.4',
30 silly addNameRange     '1.8.0',
30 silly addNameRange     '1.8.1',
30 silly addNameRange     '1.8.2',
30 silly addNameRange     '1.8.3',
30 silly addNameRange     '1.8.4',
30 silly addNameRange     '2.0.0',
30 silly addNameRange     '2.0.1',
30 silly addNameRange     '2.0.2',
30 silly addNameRange     '2.0.3',
30 silly addNameRange     '2.0.4',
30 silly addNameRange     '2.1.0',
30 silly addNameRange     '2.1.1',
30 silly addNameRange     '2.1.2',
30 silly addNameRange     '2.1.3',
30 silly addNameRange     '2.1.4',
30 silly addNameRange     '2.2.0',
30 silly addNameRange     '2.2.1',
30 silly addNameRange     '2.2.2',
30 silly addNameRange     '2.2.3',
30 silly addNameRange     '2.2.4',
30 silly addNameRange     '2.3.0',
30 silly addNameRange     '2.3.1',
30 silly addNameRange     '2.3.2',
30 silly addNameRange     '2.3.3',
30 silly addNameRange     '2.3.4',
30 silly addNameRange     '2.3.5',
30 silly addNameRange     '2.3.6',
30 silly addNameRange     '2.3.7',
30 silly addNameRange     '2.3.8',
30 silly addNameRange     '2.3.9',
30 silly addNameRange     '2.3.10',
30 silly addNameRange     '2.3.11',
30 silly addNameRange     '2.3.12',
30 silly addNameRange     '2.3.13',
30 silly addNameRange     '2.4.0',
30 silly addNameRange     '2.4.1',
30 silly addNameRange     '2.4.2',
30 silly addNameRange     '2.4.3',
30 silly addNameRange     '2.4.4',
30 silly addNameRange     '2.4.5',
30 silly addNameRange     '2.4.6',
30 silly addNameRange     '2.4.7',
30 silly addNameRange     '2.4.8',
30 silly addNameRange     '2.4.9',
30 silly addNameRange     '2.4.10',
30 silly addNameRange     '2.5.0',
30 silly addNameRange     '2.5.1',
30 silly addNameRange     '2.5.2',
30 silly addNameRange     '2.5.3',
30 silly addNameRange     '2.5.4',
30 silly addNameRange     '2.5.5',
30 silly addNameRange     '2.5.6',
30 silly addNameRange     '2.5.7',
30 silly addNameRange     '2.5.8',
30 silly addNameRange     '2.5.9',
30 silly addNameRange     '2.5.10',
30 silly addNameRange     '2.5.11',
30 silly addNameRange     '2.5.12',
30 silly addNameRange     '2.5.13',
30 silly addNameRange     '2.5.14',
30 silly addNameRange     '2.6.0',
30 silly addNameRange     '2.6.1',
30 silly addNameRange     '2.6.2',
30 silly addNameRange     '2.6.3',
30 silly addNameRange     '2.6.4',
30 silly addNameRange     '2.6.5',
30 silly addNameRange     '2.6.6',
30 silly addNameRange     '2.6.7',
30 silly addNameRange     '2.6.8',
30 silly addNameRange     '2.7.0',
30 silly addNameRange     '2.7.1',
30 silly addNameRange     '2.7.2',
30 silly addNameRange     '2.7.4',
30 silly addNameRange     '2.7.3',
30 silly addNameRange     '3.0.0',
30 silly addNameRange     '3.0.1',
30 silly addNameRange     '3.0.2',
30 silly addNameRange     '2.8.0',
30 silly addNameRange     '3.0.3',
30 silly addNameRange     '3.1.0',
30 silly addNameRange     '2.8.1',
30 silly addNameRange     '3.1.1',
30 silly addNameRange     '2.8.2',
30 silly addNameRange     '2.8.3',
30 silly addNameRange     '2.9.0',
30 silly addNameRange     '3.2.0',
30 silly addNameRange     '2.9.1',
30 silly addNameRange     '3.2.1',
30 silly addNameRange     '2.9.2',
30 silly addNameRange     '3.2.2',
30 silly addNameRange     '3.3.0',
30 silly addNameRange     '3.3.1',
30 silly addNameRange     '2.9.3',
30 silly addNameRange     '3.4.0',
30 silly addNameRange     '2.9.4',
30 silly addNameRange     '2.9.5',
30 silly addNameRange     '3.5.0',
30 silly addNameRange     '3.5.1',
30 silly addNameRange     '3.5.2',
30 silly addNameRange     '3.5.3',
30 silly addNameRange     '2.9.6',
30 silly addNameRange     '2.9.7',
30 silly addNameRange     '3.5.4',
30 silly addNameRange     '3.5.5',
30 silly addNameRange     '2.9.8',
30 silly addNameRange     '2.9.9',
30 silly addNameRange     '3.5.6',
30 silly addNameRange     '3.5.7',
30 silly addNameRange     '3.5.8',
30 silly addNameRange     '2.9.10',
30 silly addNameRange     '3.5.9',
30 silly addNameRange     '3.6.2',
30 silly addNameRange     '3.5.10',
30 silly addNameRange     '3.6.3',
30 silly addNameRange     '3.5.11',
30 silly addNameRange     '3.6.4',
30 silly addNameRange     '3.6.5',
30 silly addNameRange     '3.6.6',
30 silly addNameRange     '3.6.7',
30 silly addNameRange     '3.5.12',
30 silly addNameRange     '3.6.8',
30 silly addNameRange     '3.6.9',
30 silly addNameRange     '3.6.10',
30 silly addNameRange     '3.5.13',
30 silly addNameRange     '3.5.14',
30 silly addNameRange     '3.6.11',
30 silly addNameRange     '3.6.12',
30 silly addNameRange     '3.6.13',
30 silly addNameRange     '3.6.14',
30 silly addNameRange     '3.6.15',
30 silly addNameRange     '3.5.15',
30 silly addNameRange     '3.7.0',
30 silly addNameRange     '3.6.16',
30 silly addNameRange     '3.5.16',
30 silly addNameRange     '3.6.17',
30 silly addNameRange     '3.7.2',
30 silly addNameRange     '3.0.0-alpha1',
30 silly addNameRange     '3.0.0-alpha2',
30 silly addNameRange     '3.0.0-rc0',
30 silly addNameRange     '3.6.0-rc0',
30 silly addNameRange     '3.6.0-rc1',
30 silly addNameRange     '3.6.18',
30 silly addNameRange     '3.7.3',
30 silly addNameRange     '3.6.19',
30 silly addNameRange     '3.6.20',
30 silly addNameRange     '3.7.4',
30 silly addNameRange     '3.8.0',
30 silly addNameRange     '3.8.1',
30 silly addNameRange     '3.8.2',
30 silly addNameRange     '3.8.3',
30 silly addNameRange     '3.8.4',
30 silly addNameRange     '3.8.5',
30 silly addNameRange     '3.8.6',
30 silly addNameRange     '3.8.7',
30 silly addNameRange     '3.8.8',
30 silly addNameRange     '3.8.9',
30 silly addNameRange     '3.8.10',
30 silly addNameRange     '3.8.11',
30 silly addNameRange     '3.9.0',
30 silly addNameRange     '3.8.12',
30 silly addNameRange     '3.8.13',
30 silly addNameRange     '3.8.14',
30 silly addNameRange     '3.8.15',
30 silly addNameRange     '3.9.1',
30 silly addNameRange     '3.8.16',
30 silly addNameRange     '3.9.2',
30 silly addNameRange     '3.8.17',
30 silly addNameRange     '3.9.3',
30 silly addNameRange     '3.8.18',
30 silly addNameRange     '3.9.4',
30 silly addNameRange     '3.8.19',
30 silly addNameRange     '3.9.5',
30 silly addNameRange     '3.8.20',
30 silly addNameRange     '3.9.6',
30 silly addNameRange     '3.8.21',
30 silly addNameRange     '3.9.7' ] ]
31 verbose addNamed [ 'mongoose', '3.8.21' ]
32 verbose addNamed [ '3.8.21', '3.8.21' ]
33 silly lockFile e1560adf-mongoose-3-8-21 mongoose@3.8.21
34 verbose lock mongoose@3.8.21 /home/bat/.npm/e1560adf-mongoose-3-8-21.lock
35 silly lockFile e1a0ff21-org-mongoose-mongoose-3-8-21-tgz https://registry.npmjs.org/mongoose/-/mongoose-3.8.21.tgz
36 verbose lock https://registry.npmjs.org/mongoose/-/mongoose-3.8.21.tgz /home/bat/.npm/e1a0ff21-org-mongoose-mongoose-3-8-21-tgz.lock
37 verbose addRemoteTarball [ 'https://registry.npmjs.org/mongoose/-/mongoose-3.8.21.tgz',
37 verbose addRemoteTarball   'ba96d6e73b7b73a5c133ca886de316994df2a2f0' ]
38 info retry fetch attempt 1 at 20:58:52
39 verbose fetch to= /tmp/npm-7869-4LBeuzGd/registry.npmjs.org/mongoose/-/mongoose-3.8.21.tgz
40 http GET https://registry.npmjs.org/mongoose/-/mongoose-3.8.21.tgz
41 http 200 https://registry.npmjs.org/mongoose/-/mongoose-3.8.21.tgz
42 silly lockFile e1a0ff21-org-mongoose-mongoose-3-8-21-tgz https://registry.npmjs.org/mongoose/-/mongoose-3.8.21.tgz
43 silly lockFile e1a0ff21-org-mongoose-mongoose-3-8-21-tgz https://registry.npmjs.org/mongoose/-/mongoose-3.8.21.tgz
44 silly lockFile e1560adf-mongoose-3-8-21 mongoose@3.8.21
45 silly lockFile e1560adf-mongoose-3-8-21 mongoose@3.8.21
46 silly lockFile 3bb0fc31-mongoose mongoose@
47 silly lockFile 3bb0fc31-mongoose mongoose@
48 error Error: EACCES, mkdir '/home/bat/.npm/mongoose/3.8.21'
48 error  { [Error: EACCES, mkdir '/home/bat/.npm/mongoose/3.8.21']
48 error   errno: 3,
48 error   code: 'EACCES',
48 error   path: '/home/bat/.npm/mongoose/3.8.21',
48 error   parent: 'angular-official-giude' }
49 error Please try running this command again as root/Administrator.
50 error System Linux 3.11.0-26-generic
51 error command "/usr/local/bin/node" "/usr/local/bin/npm" "install" "mongoose" "--save"
52 error cwd /home/bat/angular_projects/angular_todo
53 error node -v v0.10.33
54 error npm -v 1.4.28
55 error path /home/bat/.npm/mongoose/3.8.21
56 error code EACCES
57 error errno 3
58 error stack Error: EACCES, mkdir '/home/bat/.npm/mongoose/3.8.21'
59 verbose exit [ 3, true ]
